{"numFailedTestSuites":1,"numFailedTests":4,"numPassedTestSuites":0,"numPassedTests":0,"numPendingTestSuites":0,"numPendingTests":0,"numRuntimeErrorTestSuites":0,"numTodoTests":0,"numTotalTestSuites":1,"numTotalTests":4,"openHandles":[],"snapshot":{"added":0,"didUpdate":false,"failure":false,"filesAdded":0,"filesRemoved":0,"filesRemovedList":[],"filesUnmatched":0,"filesUpdated":0,"matched":0,"total":0,"unchecked":0,"uncheckedKeysByFile":[],"unmatched":0,"updated":0},"startTime":1777989932889,"success":false,"testResults":[{"assertionResults":[{"ancestorTitles":["automation.graph"],"duration":1710,"failureDetails":[{"name":"TSError","diagnosticText":"\u001b[96msrc/services/job-scraper.service.ts\u001b[0m:\u001b[93m128\u001b[0m:\u001b[93m36\u001b[0m - \u001b[91merror\u001b[0m\u001b[90m TS2339: \u001b[0mProperty 'value' does not exist on type 'PromiseSettledResult<Job[]>'.\n  Property 'value' does not exist on type 'PromiseRejectedResult'.\n\n\u001b[7m128\u001b[0m       const foundJobs = results[i].value;\n\u001b[7m   \u001b[0m \u001b[91m                                   ~~~~~\u001b[0m\n\u001b[96msrc/services/job-scraper.service.ts\u001b[0m:\u001b[93m136\u001b[0m:\u001b[93m35\u001b[0m - \u001b[91merror\u001b[0m\u001b[90m TS2339: \u001b[0mProperty 'reason' does not exist on type 'PromiseSettledResult<Job[]>'.\n  Property 'reason' does not exist on type 'PromiseFulfilledResult<Job[]>'.\n\n\u001b[7m136\u001b[0m       const errorMsg = results[i].reason?.message || results[i].reason;\n\u001b[7m   \u001b[0m \u001b[91m                                  ~~~~~~\u001b[0m\n\u001b[96msrc/services/job-scraper.service.ts\u001b[0m:\u001b[93m136\u001b[0m:\u001b[93m65\u001b[0m - \u001b[91merror\u001b[0m\u001b[90m TS2339: \u001b[0mProperty 'reason' does not exist on type 'PromiseSettledResult<Job[]>'.\n  Property 'reason' does not exist on type 'PromiseFulfilledResult<Job[]>'.\n\n\u001b[7m136\u001b[0m       const errorMsg = results[i].reason?.message || results[i].reason;\n\u001b[7m   \u001b[0m \u001b[91m                                                                ~~~~~~\u001b[0m\n","diagnosticCodes":[2339,2339,2339]}],"failureMessages":[""],"fullName":"automation.graph buildInitialAutomationState initializes stable defaults","invocations":1,"location":null,"numPassingAsserts":0,"retryReasons":[],"status":"failed","title":"buildInitialAutomationState initializes stable defaults"},{"ancestorTitles":["automation.graph"],"duration":94,"failureDetails":[{"name":"TSError","diagnosticText":"\u001b[96msrc/services/job-scraper.service.ts\u001b[0m:\u001b[93m128\u001b[0m:\u001b[93m36\u001b[0m - \u001b[91merror\u001b[0m\u001b[90m TS2339: \u001b[0mProperty 'value' does not exist on type 'PromiseSettledResult<Job[]>'.\n  Property 'value' does not exist on type 'PromiseRejectedResult'.\n\n\u001b[7m128\u001b[0m       const foundJobs = results[i].value;\n\u001b[7m   \u001b[0m \u001b[91m                                   ~~~~~\u001b[0m\n\u001b[96msrc/services/job-scraper.service.ts\u001b[0m:\u001b[93m136\u001b[0m:\u001b[93m35\u001b[0m - \u001b[91merror\u001b[0m\u001b[90m TS2339: \u001b[0mProperty 'reason' does not exist on type 'PromiseSettledResult<Job[]>'.\n  Property 'reason' does not exist on type 'PromiseFulfilledResult<Job[]>'.\n\n\u001b[7m136\u001b[0m       const errorMsg = results[i].reason?.message || results[i].reason;\n\u001b[7m   \u001b[0m \u001b[91m                                  ~~~~~~\u001b[0m\n\u001b[96msrc/services/job-scraper.service.ts\u001b[0m:\u001b[93m136\u001b[0m:\u001b[93m65\u001b[0m - \u001b[91merror\u001b[0m\u001b[90m TS2339: \u001b[0mProperty 'reason' does not exist on type 'PromiseSettledResult<Job[]>'.\n  Property 'reason' does not exist on type 'PromiseFulfilledResult<Job[]>'.\n\n\u001b[7m136\u001b[0m       const errorMsg = results[i].reason?.message || results[i].reason;\n\u001b[7m   \u001b[0m \u001b[91m                                                                ~~~~~~\u001b[0m\n","diagnosticCodes":[2339,2339,2339]}],"failureMessages":[""],"fullName":"automation.graph search_jobs and dedupe_jobs aggregate by query and unique URL","invocations":1,"location":null,"numPassingAsserts":0,"retryReasons":[],"status":"failed","title":"search_jobs and dedupe_jobs aggregate by query and unique URL"},{"ancestorTitles":["automation.graph"],"duration":86,"failureDetails":[{"name":"TSError","diagnosticText":"\u001b[96msrc/services/job-scraper.service.ts\u001b[0m:\u001b[93m128\u001b[0m:\u001b[93m36\u001b[0m - \u001b[91merror\u001b[0m\u001b[90m TS2339: \u001b[0mProperty 'value' does not exist on type 'PromiseSettledResult<Job[]>'.\n  Property 'value' does not exist on type 'PromiseRejectedResult'.\n\n\u001b[7m128\u001b[0m       const foundJobs = results[i].value;\n\u001b[7m   \u001b[0m \u001b[91m                                   ~~~~~\u001b[0m\n\u001b[96msrc/services/job-scraper.service.ts\u001b[0m:\u001b[93m136\u001b[0m:\u001b[93m35\u001b[0m - \u001b[91merror\u001b[0m\u001b[90m TS2339: \u001b[0mProperty 'reason' does not exist on type 'PromiseSettledResult<Job[]>'.\n  Property 'reason' does not exist on type 'PromiseFulfilledResult<Job[]>'.\n\n\u001b[7m136\u001b[0m       const errorMsg = results[i].reason?.message || results[i].reason;\n\u001b[7m   \u001b[0m \u001b[91m                                  ~~~~~~\u001b[0m\n\u001b[96msrc/services/job-scraper.service.ts\u001b[0m:\u001b[93m136\u001b[0m:\u001b[93m65\u001b[0m - \u001b[91merror\u001b[0m\u001b[90m TS2339: \u001b[0mProperty 'reason' does not exist on type 'PromiseSettledResult<Job[]>'.\n  Property 'reason' does not exist on type 'PromiseFulfilledResult<Job[]>'.\n\n\u001b[7m136\u001b[0m       const errorMsg = results[i].reason?.message || results[i].reason;\n\u001b[7m   \u001b[0m \u001b[91m                                                                ~~~~~~\u001b[0m\n","diagnosticCodes":[2339,2339,2339]}],"failureMessages":[""],"fullName":"automation.graph process_jobs handles below-threshold skip and successful apply","invocations":1,"location":null,"numPassingAsserts":0,"retryReasons":[],"status":"failed","title":"process_jobs handles below-threshold skip and successful apply"},{"ancestorTitles":["automation.graph"],"duration":67,"failureDetails":[{"name":"TSError","diagnosticText":"\u001b[96msrc/services/job-scraper.service.ts\u001b[0m:\u001b[93m128\u001b[0m:\u001b[93m36\u001b[0m - \u001b[91merror\u001b[0m\u001b[90m TS2339: \u001b[0mProperty 'value' does not exist on type 'PromiseSettledResult<Job[]>'.\n  Property 'value' does not exist on type 'PromiseRejectedResult'.\n\n\u001b[7m128\u001b[0m       const foundJobs = results[i].value;\n\u001b[7m   \u001b[0m \u001b[91m                                   ~~~~~\u001b[0m\n\u001b[96msrc/services/job-scraper.service.ts\u001b[0m:\u001b[93m136\u001b[0m:\u001b[93m35\u001b[0m - \u001b[91merror\u001b[0m\u001b[90m TS2339: \u001b[0mProperty 'reason' does not exist on type 'PromiseSettledResult<Job[]>'.\n  Property 'reason' does not exist on type 'PromiseFulfilledResult<Job[]>'.\n\n\u001b[7m136\u001b[0m       const errorMsg = results[i].reason?.message || results[i].reason;\n\u001b[7m   \u001b[0m \u001b[91m                                  ~~~~~~\u001b[0m\n\u001b[96msrc/services/job-scraper.service.ts\u001b[0m:\u001b[93m136\u001b[0m:\u001b[93m65\u001b[0m - \u001b[91merror\u001b[0m\u001b[90m TS2339: \u001b[0mProperty 'reason' does not exist on type 'PromiseSettledResult<Job[]>'.\n  Property 'reason' does not exist on type 'PromiseFulfilledResult<Job[]>'.\n\n\u001b[7m136\u001b[0m       const errorMsg = results[i].reason?.message || results[i].reason;\n\u001b[7m   \u001b[0m \u001b[91m                                                                ~~~~~~\u001b[0m\n","diagnosticCodes":[2339,2339,2339]}],"failureMessages":[""],"fullName":"automation.graph graph runs end-to-end with injected dependencies","invocations":1,"location":null,"numPassingAsserts":0,"retryReasons":[],"status":"failed","title":"graph runs end-to-end with injected dependencies"}],"endTime":1777989940728,"message":"  ● automation.graph › buildInitialAutomationState initializes stable defaults\n\n\n\n\n\n  ● automation.graph › search_jobs and dedupe_jobs aggregate by query and unique URL\n\n\n\n\n\n  ● automation.graph › process_jobs handles below-threshold skip and successful apply\n\n\n\n\n\n  ● automation.graph › graph runs end-to-end with injected dependencies\n\n\n\n\n","name":"D:\\ai-resume-job-tracker\\backend\\src\\services\\automation.graph.test.ts","startTime":1777989933728,"status":"failed","summary":""}],"wasInterrupted":false}
